# JRE version: Java(TM) SE Runtime Environment (16.0.2+7) (build 16.0.2+7-67)
# Java VM: Java HotSpot(TM) 64-Bit Server VM (16.0.2+7-67, mixed mode, tiered, compressed oops, compressed class ptrs, g1 gc, windows-amd64)
GC Precious Log:
 CPUs: 20 total, 20 available
 Memory: 16074M
 Large Page Support: Disabled
 NUMA Support: Disabled
 Compressed Oops: Enabled (Zero based)
 Heap Region Size: 2M
 Heap Min Capacity: 8M
 Heap Initial Capacity: 252M
 Heap Max Capacity: 4020M
 Pre-touch: Disabled
 Parallel Workers: 15
 Concurrent Workers: 4
 Concurrent Refinement Workers: 15
 Periodic GC: Disabled
Heap:
 garbage-first heap   total 61440K, used 36506K [0x0000000704c00000, 0x0000000800000000)
  region size 2048K, 5 young (10240K), 3 survivors (6144K)
 Metaspace       used 30250K, committed 30464K, reserved 1081344K
  class space    used 3689K, committed 3776K, reserved 1048576K
GC Heap History (6 events):
Event: 1.733 GC heap before
{Heap before GC invocations=0 (full 0):
 garbage-first heap   total 258048K, used 20480K [0x0000000704c00000, 0x0000000800000000)
  region size 2048K, 11 young (22528K), 0 survivors (0K)
 Metaspace       used 12064K, committed 12288K, reserved 1064960K
  class space    used 1267K, committed 1408K, reserved 1048576K
}
Event: 1.742 GC heap after
{Heap after GC invocations=1 (full 0):
 garbage-first heap   total 258048K, used 4515K [0x0000000704c00000, 0x0000000800000000)
  region size 2048K, 2 young (4096K), 2 survivors (4096K)
 Metaspace       used 12064K, committed 12288K, reserved 1064960K
  class space    used 1267K, committed 1408K, reserved 1048576K
}
Event: 28.454 GC heap before
{Heap before GC invocations=1 (full 0):
 garbage-first heap   total 258048K, used 22947K [0x0000000704c00000, 0x0000000800000000)
  region size 2048K, 11 young (22528K), 2 survivors (4096K)
 Metaspace       used 21094K, committed 21248K, reserved 1073152K
  class space    used 2528K, committed 2624K, reserved 1048576K
}
Event: 28.467 GC heap after
{Heap after GC invocations=2 (full 0):
 garbage-first heap   total 258048K, used 11629K [0x0000000704c00000, 0x0000000800000000)
  region size 2048K, 2 young (4096K), 2 survivors (4096K)
 Metaspace       used 21094K, committed 21248K, reserved 1073152K
  class space    used 2528K, committed 2624K, reserved 1048576K
}
Event: 30.557 GC heap before
{Heap before GC invocations=3 (full 0):
 garbage-first heap   total 61440K, used 34157K [0x0000000704c00000, 0x0000000800000000)
  region size 2048K, 15 young (30720K), 2 survivors (4096K)
 Metaspace       used 29144K, committed 29376K, reserved 1081344K
  class space    used 3614K, committed 3712K, reserved 1048576K
}
Event: 30.567 GC heap after
{Heap after GC invocations=4 (full 0):
 garbage-first heap   total 61440K, used 13978K [0x0000000704c00000, 0x0000000800000000)
  region size 2048K, 3 young (6144K), 3 survivors (6144K)
 Metaspace       used 29144K, committed 29376K, reserved 1081344K
  class space    used 3614K, committed 3712K, reserved 1048576K
}

